<?xml version="1.0" encoding="UTF-8" ?>
<testsuite tests="4" failures="0" name="com.belatrixsf.refactoringexercies.business.NewJobLoggerTest" time="0.507" errors="0" skipped="0">
  <properties>
[...]
</properties>
  <testcase classname="com.belatrixsf.refactoringexercies.business.NewJobLoggerTest" name="testLogMessage" time="0.404"/>
  <testcase classname="com.belatrixsf.refactoringexercies.business.NewJobLoggerTest" name="testInfoLogMessage" time="0.039"/>
  <testcase classname="com.belatrixsf.refactoringexercies.business.NewJobLoggerTest" name="testWarningLogMessage" time="0.033"/>
  <testcase classname="com.belatrixsf.refactoringexercies.business.NewJobLoggerTest" name="testSevereLogMessage" time="0.031"/>
</testsuite>